This file contains any messages produced by compilers while
running configure, to aid debugging if configure makes a mistake.

It was created by libnfc configure 1.7.0, which was
generated by GNU Autoconf 2.69.  Invocation command line was

  $ ./configure --with-drivers=pn532_uart --sysconfdir=/etc --prefix=/usr

## --------- ##
## Platform. ##
## --------- ##

hostname = raspberrypi
uname -m = armv6l
uname -r = 4.19.97+
uname -s = Linux
uname -v = #1294 Thu Jan 30 13:10:54 GMT 2020

/usr/bin/uname -p = unknown
/bin/uname -X     = unknown

/bin/arch              = unknown
/usr/bin/arch -k       = unknown
/usr/convex/getsysinfo = unknown
/usr/bin/hostinfo      = unknown
/bin/machine           = unknown
/usr/bin/oslevel       = unknown
/bin/universe          = unknown

PATH: /usr/local/sbin
PATH: /usr/local/bin
PATH: /usr/sbin
PATH: /usr/bin
PATH: /sbin
PATH: /bin
PATH: /usr/local/games
PATH: /usr/games


## ----------- ##
## Core tests. ##
## ----------- ##

configure:2561: checking for a BSD-compatible install
configure:2629: result: /usr/bin/install -c
configure:2640: checking whether build environment is sane
configure:2695: result: yes
configure:2844: checking for a thread-safe mkdir -p
configure:2883: result: /bin/mkdir -p
configure:2890: checking for gawk
configure:2920: result: no
configure:2890: checking for mawk
configure:2906: found /usr/bin/mawk
configure:2917: result: mawk
configure:2928: checking whether make sets $(MAKE)
configure:2950: result: yes
configure:2979: checking whether make supports nested variables
configure:2996: result: yes
configure:3126: checking whether make supports the include directive
configure:3141: make -f confmf.GNU && cat confinc.out
this is the am__doit target
configure:3144: $? = 0
configure:3163: result: yes (GNU style)
configure:3233: checking for gcc
configure:3249: found /usr/bin/gcc
configure:3260: result: gcc
configure:3489: checking for C compiler version
configure:3498: gcc --version >&5
gcc (Raspbian 8.3.0-6+rpi1) 8.3.0
Copyright (C) 2018 Free Software Foundation, Inc.
This is free software; see the source for copying conditions.  There is NO
warranty; not even for MERCHANTABILITY or FITNESS FOR A PARTICULAR PURPOSE.

configure:3509: $? = 0
configure:3498: gcc -v >&5
Using built-in specs.
COLLECT_GCC=gcc
COLLECT_LTO_WRAPPER=/usr/lib/gcc/arm-linux-gnueabihf/8/lto-wrapper
Target: arm-linux-gnueabihf
Configured with: ../src/configure -v --with-pkgversion='Raspbian 8.3.0-6+rpi1' --with-bugurl=file:///usr/share/doc/gcc-8/README.Bugs --enable-languages=c,ada,c++,go,d,fortran,objc,obj-c++ --prefix=/usr --with-gcc-major-version-only --program-suffix=-8 --program-prefix=arm-linux-gnueabihf- --enable-shared --enable-linker-build-id --libexecdir=/usr/lib --without-included-gettext --enable-threads=posix --libdir=/usr/lib --enable-nls --enable-bootstrap --enable-clocale=gnu --enable-libstdcxx-debug --enable-libstdcxx-time=yes --with-default-libstdcxx-abi=new --enable-gnu-unique-object --disable-libitm --disable-libquadmath --disable-libquadmath-support --enable-plugin --with-system-zlib --with-target-system-zlib --enable-objc-gc=auto --enable-multiarch --disable-sjlj-exceptions --with-arch=armv6 --with-fpu=vfp --with-float=hard --disable-werror --enable-checking=release --build=arm-linux-gnueabihf --host=arm-linux-gnueabihf --target=arm-linux-gnueabihf
Thread model: posix
gcc version 8.3.0 (Raspbian 8.3.0-6+rpi1) 
configure:3509: $? = 0
configure:3498: gcc -V >&5
gcc: error: unrecognized command line option '-V'
gcc: fatal error: no input files
compilation terminated.
configure:3509: $? = 1
configure:3498: gcc -qversion >&5
gcc: error: unrecognized command line option '-qversion'; did you mean '--version'?
gcc: fatal error: no input files
compilation terminated.
configure:3509: $? = 1
configure:3529: checking whether the C compiler works
configure:3551: gcc    conftest.c  >&5
configure:3555: $? = 0
configure:3603: result: yes
configure:3606: checking for C compiler default output file name
configure:3608: result: a.out
configure:3614: checking for suffix of executables
configure:3621: gcc -o conftest    conftest.c  >&5
configure:3625: $? = 0
configure:3647: result: 
configure:3669: checking whether we are cross compiling
configure:3677: gcc -o conftest    conftest.c  >&5
configure:3681: $? = 0
configure:3688: ./conftest
configure:3692: $? = 0
configure:3680: result: no
configure:3685: checking for suffix of object files
configure:3707: gcc -c   conftest.c >&5
configure:3711: $? = 0
configure:3732: result: o
configure:3736: checking whether we are using the GNU C compiler
configure:3755: gcc -c   conftest.c >&5
configure:3755: $? = 0
configure:3764: result: yes
configure:3773: checking whether gcc accepts -g
configure:3793: gcc -c -g  conftest.c >&5
configure:3793: $? = 0
configure:3834: result: yes
configure:3851: checking for gcc option to accept ISO C89
configure:3914: gcc  -c -g -O2  conftest.c >&5
configure:3914: $? = 0
configure:3927: result: none needed
configure:3952: checking whether gcc understands -c and -o together
configure:3974: gcc -c conftest.c -o conftest2.o
configure:3977: $? = 0
configure:3974: gcc -c conftest.c -o conftest2.o
configure:3977: $? = 0
configure:3989: result: yes
configure:4008: checking dependency style of gcc
configure:4119: result: gcc3
configure:4184: checking for ar
configure:4200: found /usr/bin/ar
configure:4211: result: ar
configure:4237: checking the archiver (ar) interface
configure:4253: gcc -c -g -O2  conftest.c >&5
configure:4253: $? = 0
configure:4255: ar cru libconftest.a conftest.o >&5
ar: `u' modifier ignored since `D' is the default (see `U')
configure:4258: $? = 0
configure:4257: result: ar
configure:4289: checking whether make supports nested variables
configure:4306: result: yes
configure:4372: checking for gcc
configure:4399: result: gcc
configure:4628: checking for C compiler version
configure:4637: gcc --version >&5
gcc (Raspbian 8.3.0-6+rpi1) 8.3.0
Copyright (C) 2018 Free Software Foundation, Inc.
This is free software; see the source for copying conditions.  There is NO
warranty; not even for MERCHANTABILITY or FITNESS FOR A PARTICULAR PURPOSE.

configure:4648: $? = 0
configure:4637: gcc -v >&5
Using built-in specs.
COLLECT_GCC=gcc
COLLECT_LTO_WRAPPER=/usr/lib/gcc/arm-linux-gnueabihf/8/lto-wrapper
Target: arm-linux-gnueabihf
Configured with: ../src/configure -v --with-pkgversion='Raspbian 8.3.0-6+rpi1' --with-bugurl=file:///usr/share/doc/gcc-8/README.Bugs --enable-languages=c,ada,c++,go,d,fortran,objc,obj-c++ --prefix=/usr --with-gcc-major-version-only --program-suffix=-8 --program-prefix=arm-linux-gnueabihf- --enable-shared --enable-linker-build-id --libexecdir=/usr/lib --without-included-gettext --enable-threads=posix --libdir=/usr/lib --enable-nls --enable-bootstrap --enable-clocale=gnu --enable-libstdcxx-debug --enable-libstdcxx-time=yes --with-default-libstdcxx-abi=new --enable-gnu-unique-object --disable-libitm --disable-libquadmath --disable-libquadmath-support --enable-plugin --with-system-zlib --with-target-system-zlib --enable-objc-gc=auto --enable-multiarch --disable-sjlj-exceptions --with-arch=armv6 --with-fpu=vfp --with-float=hard --disable-werror --enable-checking=release --build=arm-linux-gnueabihf --host=arm-linux-gnueabihf --target=arm-linux-gnueabihf
Thread model: posix
gcc version 8.3.0 (Raspbian 8.3.0-6+rpi1) 
configure:4648: $? = 0
configure:4637: gcc -V >&5
gcc: error: unrecognized command line option '-V'
gcc: fatal error: no input files
compilation terminated.
configure:4648: $? = 1
configure:4637: gcc -qversion >&5
gcc: error: unrecognized command line option '-qversion'; did you mean '--version'?
gcc: fatal error: no input files
compilation terminated.
configure:4648: $? = 1
configure:4652: checking whether we are using the GNU C compiler
configure:4680: result: yes
configure:4689: checking whether gcc accepts -g
configure:4750: result: yes
configure:4767: checking for gcc option to accept ISO C89
configure:4843: result: none needed
configure:4868: checking whether gcc understands -c and -o together
configure:4905: result: yes
configure:4924: checking dependency style of gcc
configure:5035: result: gcc3
configure:5050: checking whether make sets $(MAKE)
configure:5072: result: yes
configure:5113: checking build system type
configure:5127: result: armv6l-unknown-linux-gnueabihf
configure:5147: checking host system type
configure:5160: result: armv6l-unknown-linux-gnueabihf
configure:5201: checking how to print strings
configure:5228: result: printf
configure:5249: checking for a sed that does not truncate output
configure:5313: result: /bin/sed
configure:5331: checking for grep that handles long lines and -e
configure:5389: result: /bin/grep
configure:5394: checking for egrep
configure:5456: result: /bin/grep -E
configure:5461: checking for fgrep
configure:5523: result: /bin/grep -F
configure:5558: checking for ld used by gcc
configure:5625: result: /usr/bin/ld
configure:5632: checking if the linker (/usr/bin/ld) is GNU ld
configure:5647: result: yes
configure:5659: checking for BSD- or MS-compatible name lister (nm)
configure:5713: result: /usr/bin/nm -B
configure:5843: checking the name lister (/usr/bin/nm -B) interface
configure:5850: gcc -c -g -O2  conftest.c >&5
configure:5853: /usr/bin/nm -B "conftest.o"
configure:5856: output
00000000 B some_variable
configure:5857: result: BSD nm
configure:5860: checking whether ln -s works
configure:5864: result: yes
configure:5872: checking the maximum length of command line arguments
configure:6003: result: 1572864
configure:6051: checking how to convert armv6l-unknown-linux-gnueabihf file names to armv6l-unknown-linux-gnueabihf format
configure:6091: result: func_convert_file_noop
configure:6098: checking how to convert armv6l-unknown-linux-gnueabihf file names to toolchain format
configure:6118: result: func_convert_file_noop
configure:6125: checking for /usr/bin/ld option to reload object files
configure:6132: result: -r
configure:6206: checking for objdump
configure:6222: found /usr/bin/objdump
configure:6233: result: objdump
configure:6265: checking how to recognize dependent libraries
configure:6465: result: pass_all
configure:6550: checking for dlltool
configure:6580: result: no
configure:6610: checking how to associate runtime and link libraries
configure:6637: result: printf %s\n
configure:6761: checking for archiver @FILE support
configure:6778: gcc -c -g -O2  conftest.c >&5
configure:6778: $? = 0
configure:6781: ar cru libconftest.a @conftest.lst >&5
ar: `u' modifier ignored since `D' is the default (see `U')
configure:6784: $? = 0
configure:6789: ar cru libconftest.a @conftest.lst >&5
ar: `u' modifier ignored since `D' is the default (see `U')
ar: conftest.o: No such file or directory
configure:6792: $? = 1
configure:6791: result: @
configure:6849: checking for strip
configure:6865: found /usr/bin/strip
configure:6876: result: strip
configure:6948: checking for ranlib
configure:6964: found /usr/bin/ranlib
configure:6975: result: ranlib
configure:7077: checking command to parse /usr/bin/nm -B output from gcc object
configure:7230: gcc -c -g -O2  conftest.c >&5
configure:7233: $? = 0
configure:7237: /usr/bin/nm -B conftest.o | sed -n -e 's/^.*[	 ]\([ABCDGIRSTW][ABCDGIRSTW]*\)[	 ][	 ]*\([_A-Za-z][_A-Za-z0-9]*\)$/\1 \2 \2/p' | sed '/ __gnu_lto/d' > conftest.nm
configure:7303: gcc -o conftest -g -O2   conftest.c conftstm.o >&5
configure:7306: $? = 0
configure:7344: result: ok
configure:7391: checking for sysroot
configure:7421: result: no
configure:7428: checking for a working dd
configure:7466: result: /bin/dd
configure:7470: checking how to truncate binary pipes
configure:7485: result: /bin/dd bs=4096 count=1
configure:7814: checking for mt
configure:7830: found /bin/mt
configure:7841: result: mt
configure:7864: checking if mt is a manifest tool
configure:7870: mt '-?'
configure:7878: result: no
configure:8555: checking how to run the C preprocessor
configure:8586: gcc -E  conftest.c
configure:8586: $? = 0
configure:8600: gcc -E  conftest.c
conftest.c:11:10: fatal error: ac_nonexistent.h: No such file or directory
 #include <ac_nonexistent.h>
          ^~~~~~~~~~~~~~~~~~
compilation terminated.
configure:8600: $? = 1
configure: failed program was:
| /* confdefs.h */
| #define PACKAGE_NAME "libnfc"
| #define PACKAGE_TARNAME "libnfc"
| #define PACKAGE_VERSION "1.7.0"
| #define PACKAGE_STRING "libnfc 1.7.0"
| #define PACKAGE_BUGREPORT "nfc-tools@googlegroups.com"
| #define PACKAGE_URL ""
| #define PACKAGE "libnfc"
| #define VERSION "1.7.0"
| /* end confdefs.h.  */
| #include <ac_nonexistent.h>
configure:8625: result: gcc -E
configure:8645: gcc -E  conftest.c
configure:8645: $? = 0
configure:8659: gcc -E  conftest.c
conftest.c:11:10: fatal error: ac_nonexistent.h: No such file or directory
 #include <ac_nonexistent.h>
          ^~~~~~~~~~~~~~~~~~
compilation terminated.
configure:8659: $? = 1
configure: failed program was:
| /* confdefs.h */
| #define PACKAGE_NAME "libnfc"
| #define PACKAGE_TARNAME "libnfc"
| #define PACKAGE_VERSION "1.7.0"
| #define PACKAGE_STRING "libnfc 1.7.0"
| #define PACKAGE_BUGREPORT "nfc-tools@googlegroups.com"
| #define PACKAGE_URL ""
| #define PACKAGE "libnfc"
| #define VERSION "1.7.0"
| /* end confdefs.h.  */
| #include <ac_nonexistent.h>
configure:8688: checking for ANSI C header files
configure:8708: gcc -c -g -O2  conftest.c >&5
configure:8708: $? = 0
configure:8781: gcc -o conftest -g -O2   conftest.c  >&5
configure:8781: $? = 0
configure:8781: ./conftest
configure:8781: $? = 0
configure:8792: result: yes
configure:8805: checking for sys/types.h
configure:8805: gcc -c -g -O2  conftest.c >&5
configure:8805: $? = 0
configure:8805: result: yes
configure:8805: checking for sys/stat.h
configure:8805: gcc -c -g -O2  conftest.c >&5
configure:8805: $? = 0
configure:8805: result: yes
configure:8805: checking for stdlib.h
configure:8805: gcc -c -g -O2  conftest.c >&5
configure:8805: $? = 0
configure:8805: result: yes
configure:8805: checking for string.h
configure:8805: gcc -c -g -O2  conftest.c >&5
configure:8805: $? = 0
configure:8805: result: yes
configure:8805: checking for memory.h
configure:8805: gcc -c -g -O2  conftest.c >&5
configure:8805: $? = 0
configure:8805: result: yes
configure:8805: checking for strings.h
configure:8805: gcc -c -g -O2  conftest.c >&5
configure:8805: $? = 0
configure:8805: result: yes
configure:8805: checking for inttypes.h
configure:8805: gcc -c -g -O2  conftest.c >&5
configure:8805: $? = 0
configure:8805: result: yes
configure:8805: checking for stdint.h
configure:8805: gcc -c -g -O2  conftest.c >&5
configure:8805: $? = 0
configure:8805: result: yes
configure:8805: checking for unistd.h
configure:8805: gcc -c -g -O2  conftest.c >&5
configure:8805: $? = 0
configure:8805: result: yes
configure:8819: checking for dlfcn.h
configure:8819: gcc -c -g -O2  conftest.c >&5
configure:8819: $? = 0
configure:8819: result: yes
configure:9075: checking for objdir
configure:9090: result: .libs
configure:9354: checking if gcc supports -fno-rtti -fno-exceptions
configure:9372: gcc -c -g -O2  -fno-rtti -fno-exceptions conftest.c >&5
cc1: warning: command line option '-fno-rtti' is valid for C++/ObjC++ but not for C
configure:9376: $? = 0
configure:9389: result: no
configure:9747: checking for gcc option to produce PIC
configure:9754: result: -fPIC -DPIC
configure:9762: checking if gcc PIC flag -fPIC -DPIC works
configure:9780: gcc -c -g -O2  -fPIC -DPIC -DPIC conftest.c >&5
configure:9784: $? = 0
configure:9797: result: yes
configure:9826: checking if gcc static flag -static works
configure:9854: result: yes
configure:9869: checking if gcc supports -c -o file.o
configure:9890: gcc -c -g -O2  -o out/conftest2.o conftest.c >&5
configure:9894: $? = 0
configure:9916: result: yes
configure:9924: checking if gcc supports -c -o file.o
configure:9971: result: yes
configure:10004: checking whether the gcc linker (/usr/bin/ld) supports shared libraries
configure:11267: result: yes
configure:11304: checking whether -lc should be explicitly linked in
configure:11312: gcc -c -g -O2  conftest.c >&5
configure:11315: $? = 0
configure:11330: gcc -shared  -fPIC -DPIC conftest.o  -v -Wl,-soname -Wl,conftest -o conftest 2\>\&1 \| /bin/grep  -lc  \>/dev/null 2\>\&1
configure:11333: $? = 0
configure:11347: result: no
configure:11507: checking dynamic linker characteristics
configure:12088: gcc -o conftest -g -O2   -Wl,-rpath -Wl,/foo conftest.c  >&5
configure:12088: $? = 0
configure:12337: result: GNU/Linux ld.so
configure:12459: checking how to hardcode library paths into programs
configure:12484: result: immediate
configure:13032: checking whether stripping libraries is possible
configure:13037: result: yes
configure:13072: checking if libtool supports shared libraries
configure:13074: result: yes
configure:13077: checking whether to build shared libraries
configure:13102: result: yes
configure:13105: checking whether to build static libraries
configure:13109: result: yes
configure:9999: checking for pkg-config
configure:10017: found /usr/bin/pkg-config
configure:10029: result: /usr/bin/pkg-config
configure:10054: checking pkg-config is at least version 0.9.0
configure:10057: result: yes
configure:10067: checking for ANSI C header files
configure:10171: result: yes
configure:10179: checking for stdbool.h that conforms to C99
configure:10246: gcc -c -g -O2  conftest.c >&5
configure:10246: $? = 0
configure:10253: result: yes
configure:10255: checking for _Bool
configure:10255: gcc -c -g -O2  conftest.c >&5
configure:10255: $? = 0
configure:10255: gcc -c -g -O2  conftest.c >&5
conftest.c: In function 'main':
conftest.c:60:20: error: expected expression before ')' token
 if (sizeof ((_Bool)))
                    ^
configure:10255: $? = 1
configure: failed program was:
| /* confdefs.h */
| #define PACKAGE_NAME "libnfc"
| #define PACKAGE_TARNAME "libnfc"
| #define PACKAGE_VERSION "1.7.0"
| #define PACKAGE_STRING "libnfc 1.7.0"
| #define PACKAGE_BUGREPORT "nfc-tools@googlegroups.com"
| #define PACKAGE_URL ""
| #define PACKAGE "libnfc"
| #define VERSION "1.7.0"
| #define STDC_HEADERS 1
| #define HAVE_SYS_TYPES_H 1
| #define HAVE_SYS_STAT_H 1
| #define HAVE_STDLIB_H 1
| #define HAVE_STRING_H 1
| #define HAVE_MEMORY_H 1
| #define HAVE_STRINGS_H 1
| #define HAVE_INTTYPES_H 1
| #define HAVE_STDINT_H 1
| #define HAVE_UNISTD_H 1
| #define HAVE_DLFCN_H 1
| #define LT_OBJDIR ".libs/"
| #define STDC_HEADERS 1
| /* end confdefs.h.  */
| #include <stdio.h>
| #ifdef HAVE_SYS_TYPES_H
| # include <sys/types.h>
| #endif
| #ifdef HAVE_SYS_STAT_H
| # include <sys/stat.h>
| #endif
| #ifdef STDC_HEADERS
| # include <stdlib.h>
| # include <stddef.h>
| #else
| # ifdef HAVE_STDLIB_H
| #  include <stdlib.h>
| # endif
| #endif
| #ifdef HAVE_STRING_H
| # if !defined STDC_HEADERS && defined HAVE_MEMORY_H
| #  include <memory.h>
| # endif
| # include <string.h>
| #endif
| #ifdef HAVE_STRINGS_H
| # include <strings.h>
| #endif
| #ifdef HAVE_INTTYPES_H
| # include <inttypes.h>
| #endif
| #ifdef HAVE_STDINT_H
| # include <stdint.h>
| #endif
| #ifdef HAVE_UNISTD_H
| # include <unistd.h>
| #endif
| int
| main ()
| {
| if (sizeof ((_Bool)))
| 	    return 0;
|   ;
|   return 0;
| }
configure:10255: result: yes
configure:10275: checking fcntl.h usability
configure:10275: gcc -c -g -O2  conftest.c >&5
configure:10275: $? = 0
configure:10275: result: yes
configure:10275: checking fcntl.h presence
configure:10275: gcc -E  conftest.c
configure:10275: $? = 0
configure:10275: result: yes
configure:10275: checking for fcntl.h
configure:10275: result: yes
configure:10275: checking limits.h usability
configure:10275: gcc -c -g -O2  conftest.c >&5
configure:10275: $? = 0
configure:10275: result: yes
configure:10275: checking limits.h presence
configure:10275: gcc -E  conftest.c
configure:10275: $? = 0
configure:10275: result: yes
configure:10275: checking for limits.h
configure:10275: result: yes
configure:10275: checking stdio.h usability
configure:10275: gcc -c -g -O2  conftest.c >&5
configure:10275: $? = 0
configure:10275: result: yes
configure:10275: checking stdio.h presence
configure:10275: gcc -E  conftest.c
configure:10275: $? = 0
configure:10275: result: yes
configure:10275: checking for stdio.h
configure:10275: result: yes
configure:10275: checking for stdlib.h
configure:10275: result: yes
configure:10275: checking for stdint.h
configure:10275: result: yes
configure:10275: checking stddef.h usability
configure:10275: gcc -c -g -O2  conftest.c >&5
configure:10275: $? = 0
configure:10275: result: yes
configure:10275: checking stddef.h presence
configure:10275: gcc -E  conftest.c
configure:10275: $? = 0
configure:10275: result: yes
configure:10275: checking for stddef.h
configure:10275: result: yes
configure:10275: checking for stdbool.h
configure:10275: result: yes
configure:10275: checking sys/ioctl.h usability
configure:10275: gcc -c -g -O2  conftest.c >&5
configure:10275: $? = 0
configure:10275: result: yes
configure:10275: checking sys/ioctl.h presence
configure:10275: gcc -E  conftest.c
configure:10275: $? = 0
configure:10275: result: yes
configure:10275: checking for sys/ioctl.h
configure:10275: result: yes
configure:10275: checking sys/param.h usability
configure:10275: gcc -c -g -O2  conftest.c >&5
configure:10275: $? = 0
configure:10275: result: yes
configure:10275: checking sys/param.h presence
configure:10275: gcc -E  conftest.c
configure:10275: $? = 0
configure:10275: result: yes
configure:10275: checking for sys/param.h
configure:10275: result: yes
configure:10275: checking sys/time.h usability
configure:10275: gcc -c -g -O2  conftest.c >&5
configure:10275: $? = 0
configure:10275: result: yes
configure:10275: checking sys/time.h presence
configure:10275: gcc -E  conftest.c
configure:10275: $? = 0
configure:10275: result: yes
configure:10275: checking for sys/time.h
configure:10275: result: yes
configure:10275: checking termios.h usability
configure:10275: gcc -c -g -O2  conftest.c >&5
configure:10275: $? = 0
configure:10275: result: yes
configure:10275: checking termios.h presence
configure:10275: gcc -E  conftest.c
configure:10275: $? = 0
configure:10275: result: yes
configure:10275: checking for termios.h
configure:10275: result: yes
configure:10287: checking linux/spi/spidev.h usability
configure:10287: gcc -c -g -O2  conftest.c >&5
configure:10287: $? = 0
configure:10287: result: yes
configure:10287: checking linux/spi/spidev.h presence
configure:10287: gcc -E  conftest.c
configure:10287: $? = 0
configure:10287: result: yes
configure:10287: checking for linux/spi/spidev.h
configure:10287: result: yes
configure:10299: checking linux/i2c-dev.h usability
configure:10299: gcc -c -g -O2  conftest.c >&5
configure:10299: $? = 0
configure:10299: result: yes
configure:10299: checking linux/i2c-dev.h presence
configure:10299: gcc -E  conftest.c
configure:10299: $? = 0
configure:10299: result: yes
configure:10299: checking for linux/i2c-dev.h
configure:10299: result: yes
configure:10312: checking for memmove
configure:10312: gcc -o conftest -g -O2   conftest.c  >&5
conftest.c:62:6: warning: conflicting types for built-in function 'memmove' [-Wbuiltin-declaration-mismatch]
 char memmove ();
      ^~~~~~~
configure:10312: $? = 0
configure:10312: result: yes
configure:10312: checking for memset
configure:10312: gcc -o conftest -g -O2   conftest.c  >&5
conftest.c:64:6: warning: conflicting types for built-in function 'memset' [-Wbuiltin-declaration-mismatch]
 char memset ();
      ^~~~~~
configure:10312: $? = 0
configure:10312: result: yes
configure:10312: checking for select
configure:10312: gcc -o conftest -g -O2   conftest.c  >&5
configure:10312: $? = 0
configure:10312: result: yes
configure:10312: checking for strdup
configure:10312: gcc -o conftest -g -O2   conftest.c  >&5
conftest.c:68:6: warning: conflicting types for built-in function 'strdup' [-Wbuiltin-declaration-mismatch]
 char strdup ();
      ^~~~~~
configure:10312: $? = 0
configure:10312: result: yes
configure:10312: checking for strerror
configure:10312: gcc -o conftest -g -O2   conftest.c  >&5
configure:10312: $? = 0
configure:10312: result: yes
configure:10312: checking for strstr
configure:10312: gcc -o conftest -g -O2   conftest.c  >&5
conftest.c:72:6: warning: conflicting types for built-in function 'strstr' [-Wbuiltin-declaration-mismatch]
 char strstr ();
      ^~~~~~
configure:10312: $? = 0
configure:10312: result: yes
configure:10312: checking for strtol
configure:10312: gcc -o conftest -g -O2   conftest.c  >&5
configure:10312: $? = 0
configure:10312: result: yes
configure:10312: checking for usleep
configure:10312: gcc -o conftest -g -O2   conftest.c  >&5
configure:10312: $? = 0
configure:10312: result: yes
configure:10335: checking for size_t
configure:10335: gcc -c -g -O2  conftest.c >&5
configure:10335: $? = 0
configure:10335: gcc -c -g -O2  conftest.c >&5
conftest.c: In function 'main':
conftest.c:93:21: error: expected expression before ')' token
 if (sizeof ((size_t)))
                     ^
configure:10335: $? = 1
configure: failed program was:
| /* confdefs.h */
| #define PACKAGE_NAME "libnfc"
| #define PACKAGE_TARNAME "libnfc"
| #define PACKAGE_VERSION "1.7.0"
| #define PACKAGE_STRING "libnfc 1.7.0"
| #define PACKAGE_BUGREPORT "nfc-tools@googlegroups.com"
| #define PACKAGE_URL ""
| #define PACKAGE "libnfc"
| #define VERSION "1.7.0"
| #define STDC_HEADERS 1
| #define HAVE_SYS_TYPES_H 1
| #define HAVE_SYS_STAT_H 1
| #define HAVE_STDLIB_H 1
| #define HAVE_STRING_H 1
| #define HAVE_MEMORY_H 1
| #define HAVE_STRINGS_H 1
| #define HAVE_INTTYPES_H 1
| #define HAVE_STDINT_H 1
| #define HAVE_UNISTD_H 1
| #define HAVE_DLFCN_H 1
| #define LT_OBJDIR ".libs/"
| #define STDC_HEADERS 1
| #define HAVE__BOOL 1
| #define HAVE_STDBOOL_H 1
| #define HAVE_FCNTL_H 1
| #define HAVE_LIMITS_H 1
| #define HAVE_STDIO_H 1
| #define HAVE_STDLIB_H 1
| #define HAVE_STDINT_H 1
| #define HAVE_STDDEF_H 1
| #define HAVE_STDBOOL_H 1
| #define HAVE_SYS_IOCTL_H 1
| #define HAVE_SYS_PARAM_H 1
| #define HAVE_SYS_TIME_H 1
| #define HAVE_TERMIOS_H 1
| #define HAVE_LINUX_SPI_SPIDEV_H 1
| #define HAVE_LINUX_I2C_DEV_H 1
| #define HAVE_MEMMOVE 1
| #define _XOPEN_SOURCE 600
| #define HAVE_MEMSET 1
| #define _XOPEN_SOURCE 600
| #define HAVE_SELECT 1
| #define _XOPEN_SOURCE 600
| #define HAVE_STRDUP 1
| #define _XOPEN_SOURCE 600
| #define HAVE_STRERROR 1
| #define _XOPEN_SOURCE 600
| #define HAVE_STRSTR 1
| #define _XOPEN_SOURCE 600
| #define HAVE_STRTOL 1
| #define _XOPEN_SOURCE 600
| #define HAVE_USLEEP 1
| #define _XOPEN_SOURCE 600
| #define _NETBSD_SOURCE 1
| #define _DARWIN_C_SOURCE 1
| /* end confdefs.h.  */
| #include <stdio.h>
| #ifdef HAVE_SYS_TYPES_H
| # include <sys/types.h>
| #endif
| #ifdef HAVE_SYS_STAT_H
| # include <sys/stat.h>
| #endif
| #ifdef STDC_HEADERS
| # include <stdlib.h>
| # include <stddef.h>
| #else
| # ifdef HAVE_STDLIB_H
| #  include <stdlib.h>
| # endif
| #endif
| #ifdef HAVE_STRING_H
| # if !defined STDC_HEADERS && defined HAVE_MEMORY_H
| #  include <memory.h>
| # endif
| # include <string.h>
| #endif
| #ifdef HAVE_STRINGS_H
| # include <strings.h>
| #endif
| #ifdef HAVE_INTTYPES_H
| # include <inttypes.h>
| #endif
| #ifdef HAVE_STDINT_H
| # include <stdint.h>
| #endif
| #ifdef HAVE_UNISTD_H
| # include <unistd.h>
| #endif
| int
| main ()
| {
| if (sizeof ((size_t)))
| 	    return 0;
|   ;
|   return 0;
| }
configure:10335: result: yes
configure:10346: checking for uint8_t
configure:10346: gcc -c -g -O2  conftest.c >&5
configure:10346: $? = 0
configure:10346: result: yes
configure:10360: checking for uint16_t
configure:10360: gcc -c -g -O2  conftest.c >&5
configure:10360: $? = 0
configure:10360: result: yes
configure:10372: checking for uint32_t
configure:10372: gcc -c -g -O2  conftest.c >&5
configure:10372: $? = 0
configure:10372: result: yes
configure:10386: checking for uint64_t
configure:10386: gcc -c -g -O2  conftest.c >&5
configure:10386: $? = 0
configure:10386: result: yes
configure:10400: checking for int16_t
configure:10400: gcc -c -g -O2  conftest.c >&5
configure:10400: $? = 0
configure:10400: gcc -c -g -O2  conftest.c >&5
conftest.c: In function 'main':
conftest.c:94:12: error: size of array 'test_array' is negative
 static int test_array [1 - 2 * !((int16_t) (((((int16_t) 1 << N) << N) - 1) * 2 + 1)
            ^~~~~~~~~~
configure:10400: $? = 1
configure: failed program was:
| /* confdefs.h */
| #define PACKAGE_NAME "libnfc"
| #define PACKAGE_TARNAME "libnfc"
| #define PACKAGE_VERSION "1.7.0"
| #define PACKAGE_STRING "libnfc 1.7.0"
| #define PACKAGE_BUGREPORT "nfc-tools@googlegroups.com"
| #define PACKAGE_URL ""
| #define PACKAGE "libnfc"
| #define VERSION "1.7.0"
| #define STDC_HEADERS 1
| #define HAVE_SYS_TYPES_H 1
| #define HAVE_SYS_STAT_H 1
| #define HAVE_STDLIB_H 1
| #define HAVE_STRING_H 1
| #define HAVE_MEMORY_H 1
| #define HAVE_STRINGS_H 1
| #define HAVE_INTTYPES_H 1
| #define HAVE_STDINT_H 1
| #define HAVE_UNISTD_H 1
| #define HAVE_DLFCN_H 1
| #define LT_OBJDIR ".libs/"
| #define STDC_HEADERS 1
| #define HAVE__BOOL 1
| #define HAVE_STDBOOL_H 1
| #define HAVE_FCNTL_H 1
| #define HAVE_LIMITS_H 1
| #define HAVE_STDIO_H 1
| #define HAVE_STDLIB_H 1
| #define HAVE_STDINT_H 1
| #define HAVE_STDDEF_H 1
| #define HAVE_STDBOOL_H 1
| #define HAVE_SYS_IOCTL_H 1
| #define HAVE_SYS_PARAM_H 1
| #define HAVE_SYS_TIME_H 1
| #define HAVE_TERMIOS_H 1
| #define HAVE_LINUX_SPI_SPIDEV_H 1
| #define HAVE_LINUX_I2C_DEV_H 1
| #define HAVE_MEMMOVE 1
| #define _XOPEN_SOURCE 600
| #define HAVE_MEMSET 1
| #define _XOPEN_SOURCE 600
| #define HAVE_SELECT 1
| #define _XOPEN_SOURCE 600
| #define HAVE_STRDUP 1
| #define _XOPEN_SOURCE 600
| #define HAVE_STRERROR 1
| #define _XOPEN_SOURCE 600
| #define HAVE_STRSTR 1
| #define _XOPEN_SOURCE 600
| #define HAVE_STRTOL 1
| #define _XOPEN_SOURCE 600
| #define HAVE_USLEEP 1
| #define _XOPEN_SOURCE 600
| #define _NETBSD_SOURCE 1
| #define _DARWIN_C_SOURCE 1
| /* end confdefs.h.  */
| #include <stdio.h>
| #ifdef HAVE_SYS_TYPES_H
| # include <sys/types.h>
| #endif
| #ifdef HAVE_SYS_STAT_H
| # include <sys/stat.h>
| #endif
| #ifdef STDC_HEADERS
| # include <stdlib.h>
| # include <stddef.h>
| #else
| # ifdef HAVE_STDLIB_H
| #  include <stdlib.h>
| # endif
| #endif
| #ifdef HAVE_STRING_H
| # if !defined STDC_HEADERS && defined HAVE_MEMORY_H
| #  include <memory.h>
| # endif
| # include <string.h>
| #endif
| #ifdef HAVE_STRINGS_H
| # include <strings.h>
| #endif
| #ifdef HAVE_INTTYPES_H
| # include <inttypes.h>
| #endif
| #ifdef HAVE_STDINT_H
| # include <stdint.h>
| #endif
| #ifdef HAVE_UNISTD_H
| # include <unistd.h>
| #endif
| 	        enum { N = 16 / 2 - 1 };
| int
| main ()
| {
| static int test_array [1 - 2 * !((int16_t) (((((int16_t) 1 << N) << N) - 1) * 2 + 1)
| 		 < (int16_t) (((((int16_t) 1 << N) << N) - 1) * 2 + 2))];
| test_array [0] = 0;
| return test_array [0];
| 
|   ;
|   return 0;
| }
configure:10400: result: yes
configure:10411: checking for int32_t
configure:10411: gcc -c -g -O2  conftest.c >&5
configure:10411: $? = 0
configure:10411: gcc -c -g -O2  conftest.c >&5
conftest.c: In function 'main':
conftest.c:95:53: warning: integer overflow in expression of type 'int' results in '-2147483648' [-Woverflow]
    < (int32_t) (((((int32_t) 1 << N) << N) - 1) * 2 + 2))];
                                                     ^
conftest.c:94:12: error: storage size of 'test_array' isn't constant
 static int test_array [1 - 2 * !((int32_t) (((((int32_t) 1 << N) << N) - 1) * 2 + 1)
            ^~~~~~~~~~
configure:10411: $? = 1
configure: failed program was:
| /* confdefs.h */
| #define PACKAGE_NAME "libnfc"
| #define PACKAGE_TARNAME "libnfc"
| #define PACKAGE_VERSION "1.7.0"
| #define PACKAGE_STRING "libnfc 1.7.0"
| #define PACKAGE_BUGREPORT "nfc-tools@googlegroups.com"
| #define PACKAGE_URL ""
| #define PACKAGE "libnfc"
| #define VERSION "1.7.0"
| #define STDC_HEADERS 1
| #define HAVE_SYS_TYPES_H 1
| #define HAVE_SYS_STAT_H 1
| #define HAVE_STDLIB_H 1
| #define HAVE_STRING_H 1
| #define HAVE_MEMORY_H 1
| #define HAVE_STRINGS_H 1
| #define HAVE_INTTYPES_H 1
| #define HAVE_STDINT_H 1
| #define HAVE_UNISTD_H 1
| #define HAVE_DLFCN_H 1
| #define LT_OBJDIR ".libs/"
| #define STDC_HEADERS 1
| #define HAVE__BOOL 1
| #define HAVE_STDBOOL_H 1
| #define HAVE_FCNTL_H 1
| #define HAVE_LIMITS_H 1
| #define HAVE_STDIO_H 1
| #define HAVE_STDLIB_H 1
| #define HAVE_STDINT_H 1
| #define HAVE_STDDEF_H 1
| #define HAVE_STDBOOL_H 1
| #define HAVE_SYS_IOCTL_H 1
| #define HAVE_SYS_PARAM_H 1
| #define HAVE_SYS_TIME_H 1
| #define HAVE_TERMIOS_H 1
| #define HAVE_LINUX_SPI_SPIDEV_H 1
| #define HAVE_LINUX_I2C_DEV_H 1
| #define HAVE_MEMMOVE 1
| #define _XOPEN_SOURCE 600
| #define HAVE_MEMSET 1
| #define _XOPEN_SOURCE 600
| #define HAVE_SELECT 1
| #define _XOPEN_SOURCE 600
| #define HAVE_STRDUP 1
| #define _XOPEN_SOURCE 600
| #define HAVE_STRERROR 1
| #define _XOPEN_SOURCE 600
| #define HAVE_STRSTR 1
| #define _XOPEN_SOURCE 600
| #define HAVE_STRTOL 1
| #define _XOPEN_SOURCE 600
| #define HAVE_USLEEP 1
| #define _XOPEN_SOURCE 600
| #define _NETBSD_SOURCE 1
| #define _DARWIN_C_SOURCE 1
| /* end confdefs.h.  */
| #include <stdio.h>
| #ifdef HAVE_SYS_TYPES_H
| # include <sys/types.h>
| #endif
| #ifdef HAVE_SYS_STAT_H
| # include <sys/stat.h>
| #endif
| #ifdef STDC_HEADERS
| # include <stdlib.h>
| # include <stddef.h>
| #else
| # ifdef HAVE_STDLIB_H
| #  include <stdlib.h>
| # endif
| #endif
| #ifdef HAVE_STRING_H
| # if !defined STDC_HEADERS && defined HAVE_MEMORY_H
| #  include <memory.h>
| # endif
| # include <string.h>
| #endif
| #ifdef HAVE_STRINGS_H
| # include <strings.h>
| #endif
| #ifdef HAVE_INTTYPES_H
| # include <inttypes.h>
| #endif
| #ifdef HAVE_STDINT_H
| # include <stdint.h>
| #endif
| #ifdef HAVE_UNISTD_H
| # include <unistd.h>
| #endif
| 	        enum { N = 32 / 2 - 1 };
| int
| main ()
| {
| static int test_array [1 - 2 * !((int32_t) (((((int32_t) 1 << N) << N) - 1) * 2 + 1)
| 		 < (int32_t) (((((int32_t) 1 << N) << N) - 1) * 2 + 2))];
| test_array [0] = 0;
| return test_array [0];
| 
|   ;
|   return 0;
| }
configure:10411: result: yes
configure:10422: checking for off_t
configure:10422: gcc -c -g -O2  conftest.c >&5
configure:10422: $? = 0
configure:10422: gcc -c -g -O2  conftest.c >&5
conftest.c: In function 'main':
conftest.c:93:20: error: expected expression before ')' token
 if (sizeof ((off_t)))
                    ^
configure:10422: $? = 1
configure: failed program was:
| /* confdefs.h */
| #define PACKAGE_NAME "libnfc"
| #define PACKAGE_TARNAME "libnfc"
| #define PACKAGE_VERSION "1.7.0"
| #define PACKAGE_STRING "libnfc 1.7.0"
| #define PACKAGE_BUGREPORT "nfc-tools@googlegroups.com"
| #define PACKAGE_URL ""
| #define PACKAGE "libnfc"
| #define VERSION "1.7.0"
| #define STDC_HEADERS 1
| #define HAVE_SYS_TYPES_H 1
| #define HAVE_SYS_STAT_H 1
| #define HAVE_STDLIB_H 1
| #define HAVE_STRING_H 1
| #define HAVE_MEMORY_H 1
| #define HAVE_STRINGS_H 1
| #define HAVE_INTTYPES_H 1
| #define HAVE_STDINT_H 1
| #define HAVE_UNISTD_H 1
| #define HAVE_DLFCN_H 1
| #define LT_OBJDIR ".libs/"
| #define STDC_HEADERS 1
| #define HAVE__BOOL 1
| #define HAVE_STDBOOL_H 1
| #define HAVE_FCNTL_H 1
| #define HAVE_LIMITS_H 1
| #define HAVE_STDIO_H 1
| #define HAVE_STDLIB_H 1
| #define HAVE_STDINT_H 1
| #define HAVE_STDDEF_H 1
| #define HAVE_STDBOOL_H 1
| #define HAVE_SYS_IOCTL_H 1
| #define HAVE_SYS_PARAM_H 1
| #define HAVE_SYS_TIME_H 1
| #define HAVE_TERMIOS_H 1
| #define HAVE_LINUX_SPI_SPIDEV_H 1
| #define HAVE_LINUX_I2C_DEV_H 1
| #define HAVE_MEMMOVE 1
| #define _XOPEN_SOURCE 600
| #define HAVE_MEMSET 1
| #define _XOPEN_SOURCE 600
| #define HAVE_SELECT 1
| #define _XOPEN_SOURCE 600
| #define HAVE_STRDUP 1
| #define _XOPEN_SOURCE 600
| #define HAVE_STRERROR 1
| #define _XOPEN_SOURCE 600
| #define HAVE_STRSTR 1
| #define _XOPEN_SOURCE 600
| #define HAVE_STRTOL 1
| #define _XOPEN_SOURCE 600
| #define HAVE_USLEEP 1
| #define _XOPEN_SOURCE 600
| #define _NETBSD_SOURCE 1
| #define _DARWIN_C_SOURCE 1
| /* end confdefs.h.  */
| #include <stdio.h>
| #ifdef HAVE_SYS_TYPES_H
| # include <sys/types.h>
| #endif
| #ifdef HAVE_SYS_STAT_H
| # include <sys/stat.h>
| #endif
| #ifdef STDC_HEADERS
| # include <stdlib.h>
| # include <stddef.h>
| #else
| # ifdef HAVE_STDLIB_H
| #  include <stdlib.h>
| # endif
| #endif
| #ifdef HAVE_STRING_H
| # if !defined STDC_HEADERS && defined HAVE_MEMORY_H
| #  include <memory.h>
| # endif
| # include <string.h>
| #endif
| #ifdef HAVE_STRINGS_H
| # include <strings.h>
| #endif
| #ifdef HAVE_INTTYPES_H
| # include <inttypes.h>
| #endif
| #ifdef HAVE_STDINT_H
| # include <stdint.h>
| #endif
| #ifdef HAVE_UNISTD_H
| # include <unistd.h>
| #endif
| int
| main ()
| {
| if (sizeof ((off_t)))
| 	    return 0;
|   ;
|   return 0;
| }
configure:10422: result: yes
configure:10445: checking for log flag
configure:10447: result: yes
configure:10473: checking for conffiles flag
configure:10475: result: yes
configure:10501: checking for envvars flag
configure:10503: result: yes
configure:10529: checking for debug flag
configure:10531: result: no
configure:10552: checking which drivers to build
configure:10565: result: pn532_uart
configure:10770: checking for documentation request
configure:10772: result: no
configure:11296: checking for readline.h
configure:11341: result: not found
configure:11459: checking that generated files are newer than configure
configure:11465: result: done
configure:11572: creating ./config.status

## ---------------------- ##
## Running config.status. ##
## ---------------------- ##

This file was extended by libnfc config.status 1.7.0, which was
generated by GNU Autoconf 2.69.  Invocation command line was

  CONFIG_FILES    = 
  CONFIG_HEADERS  = 
  CONFIG_LINKS    = 
  CONFIG_COMMANDS = 
  $ ./config.status 

on raspberrypi

config.status:1194: creating Doxyfile
config.status:1194: creating Makefile
config.status:1194: creating cmake/Makefile
config.status:1194: creating cmake/modules/Makefile
config.status:1194: creating contrib/Makefile
config.status:1194: creating contrib/devd/Makefile
config.status:1194: creating contrib/libnfc/Makefile
config.status:1194: creating contrib/linux/Makefile
config.status:1194: creating contrib/udev/Makefile
config.status:1194: creating contrib/win32/Makefile
config.status:1194: creating contrib/win32/sys/Makefile
config.status:1194: creating contrib/win32/libnfc/Makefile
config.status:1194: creating contrib/win32/libnfc/buses/Makefile
config.status:1194: creating examples/Makefile
config.status:1194: creating examples/pn53x-tamashell-scripts/Makefile
config.status:1194: creating include/Makefile
config.status:1194: creating include/nfc/Makefile
config.status:1194: creating libnfc.pc
config.status:1194: creating libnfc/Makefile
config.status:1194: creating libnfc/buses/Makefile
config.status:1194: creating libnfc/chips/Makefile
config.status:1194: creating libnfc/drivers/Makefile
config.status:1194: creating test/Makefile
config.status:1194: creating utils/Makefile
config.status:1194: creating config.h
config.status:1375: config.h is unchanged
config.status:1423: executing depfiles commands
config.status:1500: cd examples       && sed -e '/# am--include-marker/d' Makefile         | make -f - am--depfiles
make: Nothing to be done for 'am--depfiles'.
config.status:1505: $? = 0
config.status:1500: cd libnfc       && sed -e '/# am--include-marker/d' Makefile         | make -f - am--depfiles
make: Nothing to be done for 'am--depfiles'.
config.status:1505: $? = 0
config.status:1500: cd libnfc/buses       && sed -e '/# am--include-marker/d' Makefile         | make -f - am--depfiles
make: Nothing to be done for 'am--depfiles'.
config.status:1505: $? = 0
config.status:1500: cd libnfc/chips       && sed -e '/# am--include-marker/d' Makefile         | make -f - am--depfiles
make: Nothing to be done for 'am--depfiles'.
config.status:1505: $? = 0
config.status:1500: cd libnfc/drivers       && sed -e '/# am--include-marker/d' Makefile         | make -f - am--depfiles
make: Nothing to be done for 'am--depfiles'.
config.status:1505: $? = 0
config.status:1500: cd test       && sed -e '/# am--include-marker/d' Makefile         | make -f - am--depfiles
make: Nothing to be done for 'am--depfiles'.
config.status:1505: $? = 0
config.status:1500: cd utils       && sed -e '/# am--include-marker/d' Makefile         | make -f - am--depfiles
make: Nothing to be done for 'am--depfiles'.
config.status:1505: $? = 0
config.status:1423: executing libtool commands

## ---------------- ##
## Cache variables. ##
## ---------------- ##

ac_cv_build=armv6l-unknown-linux-gnueabihf
ac_cv_c_compiler_gnu=yes
ac_cv_c_int16_t=yes
ac_cv_c_int32_t=yes
ac_cv_c_uint16_t=yes
ac_cv_c_uint32_t=yes
ac_cv_c_uint64_t=yes
ac_cv_c_uint8_t=yes
ac_cv_env_CC_set=
ac_cv_env_CC_value=
ac_cv_env_CFLAGS_set=
ac_cv_env_CFLAGS_value=
ac_cv_env_CPPFLAGS_set=
ac_cv_env_CPPFLAGS_value=
ac_cv_env_CPP_set=
ac_cv_env_CPP_value=
ac_cv_env_LDFLAGS_set=
ac_cv_env_LDFLAGS_value=
ac_cv_env_LIBS_set=
ac_cv_env_LIBS_value=
ac_cv_env_LT_SYS_LIBRARY_PATH_set=
ac_cv_env_LT_SYS_LIBRARY_PATH_value=
ac_cv_env_PKG_CONFIG_LIBDIR_set=
ac_cv_env_PKG_CONFIG_LIBDIR_value=
ac_cv_env_PKG_CONFIG_PATH_set=
ac_cv_env_PKG_CONFIG_PATH_value=
ac_cv_env_PKG_CONFIG_set=
ac_cv_env_PKG_CONFIG_value=
ac_cv_env_build_alias_set=
ac_cv_env_build_alias_value=
ac_cv_env_host_alias_set=
ac_cv_env_host_alias_value=
ac_cv_env_libpcsclite_CFLAGS_set=
ac_cv_env_libpcsclite_CFLAGS_value=
ac_cv_env_libpcsclite_LIBS_set=
ac_cv_env_libpcsclite_LIBS_value=
ac_cv_env_libusb_CFLAGS_set=
ac_cv_env_libusb_CFLAGS_value=
ac_cv_env_libusb_LIBS_set=
ac_cv_env_libusb_LIBS_value=
ac_cv_env_target_alias_set=
ac_cv_env_target_alias_value=
ac_cv_func_memmove=yes
ac_cv_func_memset=yes
ac_cv_func_select=yes
ac_cv_func_strdup=yes
ac_cv_func_strerror=yes
ac_cv_func_strstr=yes
ac_cv_func_strtol=yes
ac_cv_func_usleep=yes
ac_cv_header_dlfcn_h=yes
ac_cv_header_fcntl_h=yes
ac_cv_header_inttypes_h=yes
ac_cv_header_limits_h=yes
ac_cv_header_linux_i2c_dev_h=yes
ac_cv_header_linux_spi_spidev_h=yes
ac_cv_header_memory_h=yes
ac_cv_header_stdbool_h=yes
ac_cv_header_stdc=yes
ac_cv_header_stddef_h=yes
ac_cv_header_stdint_h=yes
ac_cv_header_stdio_h=yes
ac_cv_header_stdlib_h=yes
ac_cv_header_string_h=yes
ac_cv_header_strings_h=yes
ac_cv_header_sys_ioctl_h=yes
ac_cv_header_sys_param_h=yes
ac_cv_header_sys_stat_h=yes
ac_cv_header_sys_time_h=yes
ac_cv_header_sys_types_h=yes
ac_cv_header_termios_h=yes
ac_cv_header_unistd_h=yes
ac_cv_host=armv6l-unknown-linux-gnueabihf
ac_cv_objext=o
ac_cv_path_EGREP='/bin/grep -E'
ac_cv_path_FGREP='/bin/grep -F'
ac_cv_path_GREP=/bin/grep
ac_cv_path_SED=/bin/sed
ac_cv_path_ac_pt_PKG_CONFIG=/usr/bin/pkg-config
ac_cv_path_install='/usr/bin/install -c'
ac_cv_path_lt_DD=/bin/dd
ac_cv_path_mkdir=/bin/mkdir
ac_cv_prog_AWK=mawk
ac_cv_prog_CPP='gcc -E'
ac_cv_prog_ac_ct_AR=ar
ac_cv_prog_ac_ct_CC=gcc
ac_cv_prog_ac_ct_MANIFEST_TOOL=mt
ac_cv_prog_ac_ct_OBJDUMP=objdump
ac_cv_prog_ac_ct_RANLIB=ranlib
ac_cv_prog_ac_ct_STRIP=strip
ac_cv_prog_cc_c89=
ac_cv_prog_cc_g=yes
ac_cv_prog_make_make_set=yes
ac_cv_type__Bool=yes
ac_cv_type_off_t=yes
ac_cv_type_size_t=yes
ac_cv_use_cutter=no
am_cv_CC_dependencies_compiler_type=gcc3
am_cv_ar_interface=ar
am_cv_make_support_nested_variables=yes
am_cv_prog_cc_c_o=yes
lt_cv_ar_at_file=@
lt_cv_archive_cmds_need_lc=no
lt_cv_deplibs_check_method=pass_all
lt_cv_file_magic_cmd='$MAGIC_CMD'
lt_cv_file_magic_test_file=
lt_cv_ld_reload_flag=-r
lt_cv_nm_interface='BSD nm'
lt_cv_objdir=.libs
lt_cv_path_LD=/usr/bin/ld
lt_cv_path_NM='/usr/bin/nm -B'
lt_cv_path_mainfest_tool=no
lt_cv_prog_compiler_c_o=yes
lt_cv_prog_compiler_pic='-fPIC -DPIC'
lt_cv_prog_compiler_pic_works=yes
lt_cv_prog_compiler_rtti_exceptions=no
lt_cv_prog_compiler_static_works=yes
lt_cv_prog_gnu_ld=yes
lt_cv_sharedlib_from_linklib_cmd='printf %s\n'
lt_cv_shlibpath_overrides_runpath=yes
lt_cv_sys_global_symbol_pipe='sed -n -e '\''s/^.*[	 ]\([ABCDGIRSTW][ABCDGIRSTW]*\)[	 ][	 ]*\([_A-Za-z][_A-Za-z0-9]*\)$/\1 \2 \2/p'\'' | sed '\''/ __gnu_lto/d'\'''
lt_cv_sys_global_symbol_to_c_name_address='sed -n -e '\''s/^: \(.*\) .*$/  {"\1", (void *) 0},/p'\'' -e '\''s/^[ABCDGIRSTW][ABCDGIRSTW]* .* \(.*\)$/  {"\1", (void *) \&\1},/p'\'''
lt_cv_sys_global_symbol_to_c_name_address_lib_prefix='sed -n -e '\''s/^: \(.*\) .*$/  {"\1", (void *) 0},/p'\'' -e '\''s/^[ABCDGIRSTW][ABCDGIRSTW]* .* \(lib.*\)$/  {"\1", (void *) \&\1},/p'\'' -e '\''s/^[ABCDGIRSTW][ABCDGIRSTW]* .* \(.*\)$/  {"lib\1", (void *) \&\1},/p'\'''
lt_cv_sys_global_symbol_to_cdecl='sed -n -e '\''s/^T .* \(.*\)$/extern int \1();/p'\'' -e '\''s/^[ABCDGIRSTW][ABCDGIRSTW]* .* \(.*\)$/extern char \1;/p'\'''
lt_cv_sys_global_symbol_to_import=
lt_cv_sys_max_cmd_len=1572864
lt_cv_to_host_file_cmd=func_convert_file_noop
lt_cv_to_tool_file_cmd=func_convert_file_noop
lt_cv_truncate_bin='/bin/dd bs=4096 count=1'

## ----------------- ##
## Output variables. ##
## ----------------- ##

ACLOCAL='${SHELL} /home/pi/Documents/GitHub/SoundCenter/Code/NFC/libnfc/libnfc-1.7.0/missing aclocal-1.16'
AMDEPBACKSLASH='\'
AMDEP_FALSE='#'
AMDEP_TRUE=''
AMTAR='$${TAR-tar}'
AM_BACKSLASH='\'
AM_DEFAULT_V='$(AM_DEFAULT_VERBOSITY)'
AM_DEFAULT_VERBOSITY='0'
AM_V='$(V)'
AR='ar'
AUTOCONF='${SHELL} /home/pi/Documents/GitHub/SoundCenter/Code/NFC/libnfc/libnfc-1.7.0/missing autoconf'
AUTOHEADER='${SHELL} /home/pi/Documents/GitHub/SoundCenter/Code/NFC/libnfc/libnfc-1.7.0/missing autoheader'
AUTOMAKE='${SHELL} /home/pi/Documents/GitHub/SoundCenter/Code/NFC/libnfc/libnfc-1.7.0/missing automake-1.16'
AWK='mawk'
CC='gcc'
CCDEPMODE='depmode=gcc3'
CFLAGS='-g -O2 -Wall -pedantic -Wextra -std=c99 -Du_int8_t=uint8_t -Du_int16_t=uint16_t'
CPP='gcc -E'
CPPFLAGS=''
CYGPATH_W='echo'
DEFS='-DHAVE_CONFIG_H'
DEPDIR='.deps'
DLLTOOL='false'
DOC_ENABLED_FALSE=''
DOC_ENABLED_TRUE='#'
DOXYGEN=''
DRIVERS_CFLAGS=' -DDRIVER_PN532_UART_ENABLED'
DRIVER_ACR122S_ENABLED_FALSE=''
DRIVER_ACR122S_ENABLED_TRUE='#'
DRIVER_ACR122_PCSC_ENABLED_FALSE=''
DRIVER_ACR122_PCSC_ENABLED_TRUE='#'
DRIVER_ACR122_USB_ENABLED_FALSE=''
DRIVER_ACR122_USB_ENABLED_TRUE='#'
DRIVER_ARYGON_ENABLED_FALSE=''
DRIVER_ARYGON_ENABLED_TRUE='#'
DRIVER_PN532_I2C_ENABLED_FALSE=''
DRIVER_PN532_I2C_ENABLED_TRUE='#'
DRIVER_PN532_SPI_ENABLED_FALSE=''
DRIVER_PN532_SPI_ENABLED_TRUE='#'
DRIVER_PN532_UART_ENABLED_FALSE='#'
DRIVER_PN532_UART_ENABLED_TRUE=''
DRIVER_PN53X_USB_ENABLED_FALSE=''
DRIVER_PN53X_USB_ENABLED_TRUE='#'
DSYMUTIL=''
DUMPBIN=''
ECHO_C=''
ECHO_N='-n'
ECHO_T=''
EGREP='/bin/grep -E'
EXEEXT=''
FGREP='/bin/grep -F'
GREP='/bin/grep'
I2C_ENABLED_FALSE=''
I2C_ENABLED_TRUE='#'
INSTALL_DATA='${INSTALL} -m 644'
INSTALL_PROGRAM='${INSTALL}'
INSTALL_SCRIPT='${INSTALL}'
INSTALL_STRIP_PROGRAM='$(install_sh) -c -s'
LD='/usr/bin/ld'
LDFLAGS=''
LIBNFC_CFLAGS='-I$(top_srcdir)/libnfc -I$(top_builddir)/include -I$(top_srcdir)/include'
LIBOBJS=''
LIBS=''
LIBTOOL='$(SHELL) $(top_builddir)/libtool'
LIBUSB_ENABLED_FALSE=''
LIBUSB_ENABLED_TRUE='#'
LIPO=''
LN_S='ln -s'
LTLIBOBJS=''
LT_SYS_LIBRARY_PATH=''
MAKEINFO='${SHELL} /home/pi/Documents/GitHub/SoundCenter/Code/NFC/libnfc/libnfc-1.7.0/missing makeinfo'
MANIFEST_TOOL=':'
MKDIR_P='/bin/mkdir -p'
NM='/usr/bin/nm -B'
NMEDIT=''
OBJDUMP='objdump'
OBJEXT='o'
OTOOL64=''
OTOOL=''
PACKAGE='libnfc'
PACKAGE_BUGREPORT='nfc-tools@googlegroups.com'
PACKAGE_NAME='libnfc'
PACKAGE_STRING='libnfc 1.7.0'
PACKAGE_TARNAME='libnfc'
PACKAGE_URL=''
PACKAGE_VERSION='1.7.0'
PATH_SEPARATOR=':'
PCSC_ENABLED_FALSE=''
PCSC_ENABLED_TRUE='#'
PKG_CONFIG='/usr/bin/pkg-config'
PKG_CONFIG_LIBDIR=''
PKG_CONFIG_PATH=''
PKG_CONFIG_REQUIRES=''
POSIX_ONLY_EXAMPLES_ENABLED_FALSE='#'
POSIX_ONLY_EXAMPLES_ENABLED_TRUE=''
RANLIB='ranlib'
READLINE_INCLUDES=''
READLINE_LIBS=''
SED='/bin/sed'
SET_MAKE=''
SHELL='/bin/bash'
SPI_ENABLED_FALSE=''
SPI_ENABLED_TRUE='#'
STRIP='strip'
UART_ENABLED_FALSE='#'
UART_ENABLED_TRUE=''
VERSION='1.7.0'
WITH_CONFFILES_FALSE='#'
WITH_CONFFILES_TRUE=''
WITH_CUTTER_FALSE=''
WITH_CUTTER_TRUE='#'
WITH_DEBUG_FALSE=''
WITH_DEBUG_TRUE='#'
WITH_ENVVARS_FALSE='#'
WITH_ENVVARS_TRUE=''
WITH_LOG_FALSE='#'
WITH_LOG_TRUE=''
ac_ct_AR='ar'
ac_ct_CC='gcc'
ac_ct_DUMPBIN=''
am__EXEEXT_FALSE=''
am__EXEEXT_TRUE='#'
am__fastdepCC_FALSE='#'
am__fastdepCC_TRUE=''
am__include='include'
am__isrc=''
am__leading_dot='.'
am__nodep='_no'
am__quote=''
am__tar='$${TAR-tar} chof - "$$tardir"'
am__untar='$${TAR-tar} xf -'
bindir='${exec_prefix}/bin'
build='armv6l-unknown-linux-gnueabihf'
build_alias=''
build_cpu='armv6l'
build_os='linux-gnueabihf'
build_vendor='unknown'
datadir='${datarootdir}'
datarootdir='${prefix}/share'
docdir='${datarootdir}/doc/${PACKAGE_TARNAME}'
dvidir='${docdir}'
exec_prefix='${prefix}'
host='armv6l-unknown-linux-gnueabihf'
host_alias=''
host_cpu='armv6l'
host_os='linux-gnueabihf'
host_vendor='unknown'
htmldir='${docdir}'
includedir='${prefix}/include'
infodir='${datarootdir}/info'
install_sh='${SHELL} /home/pi/Documents/GitHub/SoundCenter/Code/NFC/libnfc/libnfc-1.7.0/install-sh'
libdir='${exec_prefix}/lib'
libexecdir='${exec_prefix}/libexec'
libpcsclite_CFLAGS=''
libpcsclite_LIBS=''
libusb_CFLAGS=''
libusb_CONFIG=''
libusb_LIBS=''
localedir='${datarootdir}/locale'
localstatedir='${prefix}/var'
mandir='${datarootdir}/man'
mkdir_p='$(MKDIR_P)'
oldincludedir='/usr/include'
pdfdir='${docdir}'
prefix='/usr'
program_transform_name='s,x,x,'
psdir='${docdir}'
runstatedir='${localstatedir}/run'
sbindir='${exec_prefix}/sbin'
sharedstatedir='${prefix}/com'
sysconfdir='/etc'
target_alias=''

## ----------- ##
## confdefs.h. ##
## ----------- ##

/* confdefs.h */
#define PACKAGE_NAME "libnfc"
#define PACKAGE_TARNAME "libnfc"
#define PACKAGE_VERSION "1.7.0"
#define PACKAGE_STRING "libnfc 1.7.0"
#define PACKAGE_BUGREPORT "nfc-tools@googlegroups.com"
#define PACKAGE_URL ""
#define PACKAGE "libnfc"
#define VERSION "1.7.0"
#define STDC_HEADERS 1
#define HAVE_SYS_TYPES_H 1
#define HAVE_SYS_STAT_H 1
#define HAVE_STDLIB_H 1
#define HAVE_STRING_H 1
#define HAVE_MEMORY_H 1
#define HAVE_STRINGS_H 1
#define HAVE_INTTYPES_H 1
#define HAVE_STDINT_H 1
#define HAVE_UNISTD_H 1
#define HAVE_DLFCN_H 1
#define LT_OBJDIR ".libs/"
#define STDC_HEADERS 1
#define HAVE__BOOL 1
#define HAVE_STDBOOL_H 1
#define HAVE_FCNTL_H 1
#define HAVE_LIMITS_H 1
#define HAVE_STDIO_H 1
#define HAVE_STDLIB_H 1
#define HAVE_STDINT_H 1
#define HAVE_STDDEF_H 1
#define HAVE_STDBOOL_H 1
#define HAVE_SYS_IOCTL_H 1
#define HAVE_SYS_PARAM_H 1
#define HAVE_SYS_TIME_H 1
#define HAVE_TERMIOS_H 1
#define HAVE_LINUX_SPI_SPIDEV_H 1
#define HAVE_LINUX_I2C_DEV_H 1
#define HAVE_MEMMOVE 1
#define _XOPEN_SOURCE 600
#define HAVE_MEMSET 1
#define _XOPEN_SOURCE 600
#define HAVE_SELECT 1
#define _XOPEN_SOURCE 600
#define HAVE_STRDUP 1
#define _XOPEN_SOURCE 600
#define HAVE_STRERROR 1
#define _XOPEN_SOURCE 600
#define HAVE_STRSTR 1
#define _XOPEN_SOURCE 600
#define HAVE_STRTOL 1
#define _XOPEN_SOURCE 600
#define HAVE_USLEEP 1
#define _XOPEN_SOURCE 600
#define _NETBSD_SOURCE 1
#define _DARWIN_C_SOURCE 1
#define LOG 1
#define CONFFILES 1
#define ENVVARS 1

configure: exit 0

## ---------------------- ##
## Running config.status. ##
## ---------------------- ##

This file was extended by libnfc config.status 1.7.0, which was
generated by GNU Autoconf 2.69.  Invocation command line was

  CONFIG_FILES    = 
  CONFIG_HEADERS  = 
  CONFIG_LINKS    = 
  CONFIG_COMMANDS = 
  $ ./config.status libnfc.pc

on raspberrypi

config.status:1194: creating libnfc.pc
